<?xml version="1.0" encoding="UTF-8"?>
<!-- Generated by org.testng.reporters.JUnitReportReporter -->
<testsuite hostname="DESKTOP-7EUDCAL" failures="0" tests="2" name="OrangeTest" time="22.802" errors="0" timestamp="2023-10-20T21:42:13 GMT-04:00" skipped="0">
  <testcase classname="OrangeTest" name="modifyInof" time="12.092"/>
  <system-out/>
  <testcase classname="OrangeTest" name="login" time="10.710"/>
  <system-out/>
</testsuite> <!-- OrangeTest -->
