<?xml version="1.0" encoding="UTF-8"?>
<!-- Generated by org.testng.reporters.JUnitReportReporter -->
<testsuite hostname="DESKTOP-7EUDCAL" failures="0" tests="1" name="OrangeTest" time="11.808" errors="0" timestamp="2023-10-23T20:58:11 GMT-04:00" skipped="0">
  <testcase classname="OrangeTest" name="modifyInof" time="11.808"/>
  <system-out/>
</testsuite> <!-- OrangeTest -->
