<?xml version="1.0" encoding="UTF-8"?>
<!-- Generated by org.testng.reporters.JUnitReportReporter -->
<testsuite hostname="DESKTOP-7EUDCAL" failures="0" tests="3" name="SampleMethods" time="0.016" errors="0" timestamp="2023-10-20T21:20:06 GMT-04:00" skipped="0">
  <testcase classname="SampleMethods" name="method1" time="0.012"/>
  <system-out/>
  <testcase classname="SampleMethods" name="method2" time="0.002"/>
  <system-out/>
  <testcase classname="SampleMethods" name="method3" time="0.002"/>
  <system-out/>
</testsuite> <!-- SampleMethods -->
