<?xml version="1.0" encoding="UTF-8"?>
<!-- Generated by org.testng.reporters.JUnitReportReporter -->
<testsuite hostname="DESKTOP-7EUDCAL" failures="0" tests="3" name="Annotations.Annotation_Examples" time="0.013" errors="0" timestamp="2023-10-20T21:54:14 GMT-04:00" skipped="0">
  <testcase classname="Annotations.Annotation_Examples" name="method1" time="0.007"/>
  <system-out/>
  <testcase classname="Annotations.Annotation_Examples" name="method3" time="0.004"/>
  <system-out/>
  <testcase classname="Annotations.Annotation_Examples" name="method2" time="0.002"/>
  <system-out/>
</testsuite> <!-- Annotations.Annotation_Examples -->
