<?xml version="1.0" encoding="UTF-8"?>
<!-- Generated by org.testng.reporters.JUnitReportReporter -->
<testsuite hostname="DESKTOP-7EUDCAL" failures="0" tests="1" name="SampleTest" time="0.009" errors="0" timestamp="2023-10-20T21:14:48 GMT-04:00" skipped="0">
  <testcase classname="SampleTest" name="method1" time="0.009"/>
  <system-out/>
</testsuite> <!-- SampleTest -->
