<?xml version="1.0" encoding="UTF-8"?>
<!-- Generated by org.testng.reporters.JUnitReportReporter -->
<testsuite hostname="DESKTOP-7EUDCAL" failures="0" tests="1" name="TESTCASES.LogoutTest" time="3.439" errors="0" timestamp="2023-10-26T21:53:53 GMT-04:00" skipped="0">
  <testcase classname="TESTCASES.LogoutTest" name="logout" time="3.439"/>
  <system-out/>
</testsuite> <!-- TESTCASES.LogoutTest -->
