<?xml version="1.0" encoding="UTF-8"?>
<!-- Generated by org.testng.reporters.JUnitReportReporter -->
<testsuite hostname="DESKTOP-7EUDCAL" failures="0" tests="4" name="TESTCASES.HomeTest" time="28.871" errors="0" timestamp="2023-10-26T22:01:21 GMT-04:00" skipped="0">
  <testcase classname="TESTCASES.HomeTest" name="removecart" time="9.150"/>
  <system-out/>
  <testcase classname="TESTCASES.HomeTest" name="verifyFacebook" time="6.175"/>
  <system-out/>
  <testcase classname="TESTCASES.HomeTest" name="filter" time="6.853"/>
  <system-out/>
  <testcase classname="TESTCASES.HomeTest" name="addcart" time="6.693"/>
  <system-out/>
</testsuite> <!-- TESTCASES.HomeTest -->
