<?xml version="1.0" encoding="UTF-8"?>
<!-- Generated by org.testng.reporters.JUnitReportReporter -->
<testsuite hostname="DESKTOP-7EUDCAL" failures="0" tests="2" name="TESTCASES.LoginTest" time="6.695" errors="0" timestamp="2023-10-25T22:00:50 GMT-04:00" skipped="0">
  <testcase classname="TESTCASES.LoginTest" name="validLogin" time="3.937"/>
  <system-out/>
  <testcase classname="TESTCASES.LoginTest" name="invalidLogin" time="2.758"/>
  <system-out/>
</testsuite> <!-- TESTCASES.LoginTest -->
