<?xml version="1.0" encoding="UTF-8"?>
<!-- Generated by org.testng.reporters.JUnitReportReporter -->
<testsuite hostname="DESKTOP-7EUDCAL" failures="0" tests="2" name="TESTCASES.LoginTest" time="8.292" errors="0" timestamp="2023-10-26T21:53:53 GMT-04:00" skipped="0">
  <testcase classname="TESTCASES.LoginTest" name="validLogin" time="3.599"/>
  <system-out/>
  <testcase classname="TESTCASES.LoginTest" name="invalidLogin" time="4.693"/>
  <system-out/>
</testsuite> <!-- TESTCASES.LoginTest -->
