<?xml version="1.0" encoding="UTF-8"?>
<!-- Generated by org.testng.reporters.JUnitReportReporter -->
<testsuite hostname="DESKTOP-7EUDCAL" failures="0" tests="2" name="Annotations.ParallelExecution" time="18.231" errors="0" timestamp="2023-10-24T10:21:40 GMT-04:00" skipped="0">
  <testcase classname="Annotations.ParallelExecution" name="logout" time="9.383"/>
  <system-out/>
  <testcase classname="Annotations.ParallelExecution" name="login" time="8.848"/>
  <system-out/>
</testsuite> <!-- Annotations.ParallelExecution -->
