<?xml version="1.0" encoding="UTF-8"?>
<!-- Generated by org.testng.reporters.JUnitReportReporter -->
<testsuite hostname="DESKTOP-7EUDCAL" failures="0" tests="1" name="TestCases.LogoutTest" time="7.545" errors="0" timestamp="2023-10-23T21:13:12 GMT-04:00" skipped="0">
  <testcase classname="TestCases.LogoutTest" name="logout" time="7.545"/>
  <system-out/>
</testsuite> <!-- TestCases.LogoutTest -->
