<?xml version="1.0" encoding="UTF-8"?>
<!-- Generated by org.testng.reporters.JUnitReportReporter -->
<testsuite hostname="DESKTOP-7EUDCAL" failures="0" tests="5" name="Annotations.DataProvider_Eg" time="0.030" errors="0" timestamp="2023-10-23T21:42:08 GMT-04:00" skipped="0">
  <testcase classname="Annotations.DataProvider_Eg" name="loginTest" time="0.002"/>
  <system-out/>
  <testcase classname="Annotations.DataProvider_Eg" name="loginTest" time="0.020"/>
  <system-out/>
  <testcase classname="Annotations.DataProvider_Eg" name="loginTest" time="0.002"/>
  <system-out/>
  <testcase classname="Annotations.DataProvider_Eg" name="loginTest" time="0.003"/>
  <system-out/>
  <testcase classname="Annotations.DataProvider_Eg" name="loginTest" time="0.003"/>
  <system-out/>
</testsuite> <!-- Annotations.DataProvider_Eg -->
