<?xml version="1.0" encoding="UTF-8"?>
<!-- Generated by org.testng.reporters.JUnitReportReporter -->
<testsuite hostname="DESKTOP-7EUDCAL" failures="0" tests="2" name="Annotations.ParameterTest" time="18.782" errors="0" timestamp="2023-10-24T21:29:38 GMT-04:00" skipped="0">
  <testcase classname="Annotations.ParameterTest" name="login" time="6.916"/>
  <system-out/>
  <testcase classname="Annotations.ParameterTest" name="login" time="11.866"/>
  <system-out/>
</testsuite> <!-- Annotations.ParameterTest -->
