<?xml version="1.0" encoding="UTF-8"?>
<!-- Generated by org.testng.reporters.JUnitReportReporter -->
<testsuite hostname="DESKTOP-7EUDCAL" failures="0" tests="1" name="TestCases.CartTest" time="9.527" errors="0" timestamp="2023-10-23T21:11:46 GMT-04:00" skipped="0">
  <testcase classname="TestCases.CartTest" name="cart" time="9.527"/>
  <system-out/>
</testsuite> <!-- TestCases.CartTest -->
