<?xml version="1.0" encoding="UTF-8"?>
<!-- Generated by org.testng.reporters.JUnitReportReporter -->
<testsuite hostname="DESKTOP-7EUDCAL" failures="0" tests="3" name="Annotations.ParallelTests" time="29.536" errors="0" timestamp="2023-10-24T21:12:46 GMT-04:00" skipped="0">
  <testcase classname="Annotations.ParallelTests" name="login" time="9.461"/>
  <system-out/>
  <testcase classname="Annotations.ParallelTests" name="cart" time="10.037"/>
  <system-out/>
  <testcase classname="Annotations.ParallelTests" name="logout" time="10.038"/>
  <system-out/>
</testsuite> <!-- Annotations.ParallelTests -->
