<?xml version="1.0" encoding="UTF-8"?>
<!-- Generated by org.testng.reporters.JUnitReportReporter -->
<testsuite hostname="DESKTOP-7EUDCAL" failures="0" tests="10" name="Annotations.Invocation_Eg" time="0.083" errors="0" timestamp="2023-10-23T21:48:47 GMT-04:00" skipped="0">
  <testcase classname="Annotations.Invocation_Eg" name="register" time="0.003"/>
  <system-out/>
  <testcase classname="Annotations.Invocation_Eg" name="register" time="0.005"/>
  <system-out/>
  <testcase classname="Annotations.Invocation_Eg" name="register" time="0.009"/>
  <system-out/>
  <testcase classname="Annotations.Invocation_Eg" name="register" time="0.003"/>
  <system-out/>
  <testcase classname="Annotations.Invocation_Eg" name="register" time="0.035"/>
  <system-out/>
  <testcase classname="Annotations.Invocation_Eg" name="register" time="0.003"/>
  <system-out/>
  <testcase classname="Annotations.Invocation_Eg" name="register" time="0.008"/>
  <system-out/>
  <testcase classname="Annotations.Invocation_Eg" name="register" time="0.009"/>
  <system-out/>
  <testcase classname="Annotations.Invocation_Eg" name="register" time="0.003"/>
  <system-out/>
  <testcase classname="Annotations.Invocation_Eg" name="register" time="0.005"/>
  <system-out/>
</testsuite> <!-- Annotations.Invocation_Eg -->
