<?xml version="1.0" encoding="UTF-8"?>
<!-- Generated by org.testng.reporters.JUnitReportReporter -->
<testsuite hostname="DESKTOP-7EUDCAL" failures="0" tests="4" name="Annotations.GroupTestEg" time="0.033" errors="0" timestamp="2023-10-23T21:56:17 GMT-04:00" skipped="0">
  <testcase classname="Annotations.GroupTestEg" name="test3" time="0.002"/>
  <system-out/>
  <testcase classname="Annotations.GroupTestEg" name="test1" time="0.020"/>
  <system-out/>
  <testcase classname="Annotations.GroupTestEg" name="test4" time="0.009"/>
  <system-out/>
  <testcase classname="Annotations.GroupTestEg" name="test5" time="0.002"/>
  <system-out/>
</testsuite> <!-- Annotations.GroupTestEg -->
