<?xml version="1.0" encoding="UTF-8"?>
<!-- Generated by org.testng.reporters.JUnitReportReporter -->
<testsuite hostname="DESKTOP-7EUDCAL" failures="0" tests="2" name="Annotations.IgnoreTestEg" time="0.020" errors="0" timestamp="2023-10-24T21:04:16 GMT-04:00" skipped="0">
  <testcase classname="Annotations.IgnoreTestEg" name="carttest" time="0.018"/>
  <system-out/>
  <testcase classname="Annotations.IgnoreTestEg" name="logintest" time="0.002"/>
  <system-out/>
</testsuite> <!-- Annotations.IgnoreTestEg -->
