<?xml version="1.0" encoding="UTF-8"?>
<!-- Generated by org.testng.reporters.JUnitReportReporter -->
<testsuite hostname="DESKTOP-7EUDCAL" failures="0" tests="4" name="Annotations.Priority_Eg" time="0.033" errors="0" timestamp="2023-10-23T21:20:39 GMT-04:00" skipped="0">
  <testcase classname="Annotations.Priority_Eg" name="subtraction" time="0.026"/>
  <system-out/>
  <testcase classname="Annotations.Priority_Eg" name="muliplication" time="0.003"/>
  <system-out/>
  <testcase classname="Annotations.Priority_Eg" name="additon" time="0.002"/>
  <system-out/>
  <testcase classname="Annotations.Priority_Eg" name="division" time="0.002"/>
  <system-out/>
</testsuite> <!-- Annotations.Priority_Eg -->
