<?xml version="1.0" encoding="UTF-8"?>
<!-- Generated by org.testng.reporters.JUnitReportReporter -->
<testsuite hostname="DESKTOP-7EUDCAL" failures="0" tests="5" name="Annotations.DataProviderLoginTest" time="46.625" errors="0" timestamp="2023-10-23T21:44:56 GMT-04:00" skipped="0">
  <testcase classname="Annotations.DataProviderLoginTest" name="loginTest" time="7.253"/>
  <system-out/>
  <testcase classname="Annotations.DataProviderLoginTest" name="loginTest" time="12.680"/>
  <system-out/>
  <testcase classname="Annotations.DataProviderLoginTest" name="loginTest" time="7.194"/>
  <system-out/>
  <testcase classname="Annotations.DataProviderLoginTest" name="loginTest" time="7.479"/>
  <system-out/>
  <testcase classname="Annotations.DataProviderLoginTest" name="loginTest" time="12.019"/>
  <system-out/>
</testsuite> <!-- Annotations.DataProviderLoginTest -->
